<?xml version="1.0" encoding="UTF-8"?>
<!-- Generated by org.testng.reporters.JUnitReportReporter -->
<testsuite hostname="fv-az1256-26" failures="0" tests="7" name="com.employee.tests.GetTests" time="305.019" errors="0" timestamp="2023-04-18T15:23:45 UTC" skipped="0">
  <testcase classname="com.employee.tests.GetTests" name="getEmployeeByID" time="60.541"/>
  <system-out/>
  <testcase classname="com.employee.tests.GetTests" name="getEmployeeByID" time="60.516"/>
  <system-out/>
  <testcase classname="com.employee.tests.GetTests" name="getEmployee" time="62.498"/>
  <system-out/>
  <testcase classname="com.employee.tests.GetTests" name="getEmployeeByID" time="60.402"/>
  <system-out/>
  <testcase classname="com.employee.tests.GetTests" name="postmanGetCall" time="0.183"/>
  <system-out/>
  <testcase classname="com.employee.tests.GetTests" name="postmanGetAllWorkspaces" time="0.339"/>
  <system-out/>
  <testcase classname="com.employee.tests.GetTests" name="getEmployeeByID" time="60.540"/>
  <system-out/>
</testsuite> <!-- com.employee.tests.GetTests -->
