<?xml version="1.0" encoding="UTF-8"?>
<!-- Generated by org.testng.reporters.JUnitReportReporter -->
<testsuite hostname="fv-az796-1" failures="0" tests="1" name="com.employee.tests.GetTests" time="62.749" errors="0" timestamp="2023-04-18T15:05:18 UTC" skipped="0">
  <testcase classname="com.employee.tests.GetTests" name="getEmployee" time="62.749"/>
  <system-out/>
</testsuite> <!-- com.employee.tests.GetTests -->
