<?xml version="1.0" encoding="UTF-8"?>
<!-- Generated by org.testng.reporters.JUnitReportReporter -->
<testsuite hostname="fv-az357-671" failures="0" tests="1" name="com.employee.tests.GetTests" time="63.286" errors="0" timestamp="2023-04-18T15:12:03 UTC" skipped="0">
  <testcase classname="com.employee.tests.GetTests" name="getEmployee" time="63.286"/>
  <system-out/>
</testsuite> <!-- com.employee.tests.GetTests -->
