<?xml version="1.0" encoding="UTF-8"?>
<!-- Generated by org.testng.reporters.JUnitReportReporter -->
<testsuite hostname="fv-az267-623" failures="0" tests="3" name="com.employee.tests.PostTests" time="181.353" errors="0" timestamp="2023-04-18T15:56:25 UTC" skipped="0">
  <testcase classname="com.employee.tests.PostTests" name="createEmployeeFromExternalFile" time="60.200"/>
  <system-out/>
  <testcase classname="com.employee.tests.PostTests" name="createEmployeeUsingJSONObject" time="60.196"/>
  <system-out/>
  <testcase classname="com.employee.tests.PostTests" name="createEmployee" time="60.957"/>
  <system-out/>
</testsuite> <!-- com.employee.tests.PostTests -->
