<?xml version="1.0" encoding="UTF-8"?>
<!-- Generated by org.testng.reporters.JUnitReportReporter -->
<testsuite hostname="fv-az502-601" failures="0" tests="1" name="com.employee.tests.GetTests" time="63.637" errors="0" timestamp="2023-04-18T15:00:26 UTC" skipped="0">
  <testcase classname="com.employee.tests.GetTests" name="getEmployee" time="63.637"/>
  <system-out/>
</testsuite> <!-- com.employee.tests.GetTests -->
