<?xml version="1.0" encoding="UTF-8"?>
<!-- Generated by org.testng.reporters.JUnitReportReporter -->
<testsuite hostname="fv-az1256-26" failures="0" tests="3" name="com.employee.tests.PostTests" time="181.957" errors="0" timestamp="2023-04-18T15:23:45 UTC" skipped="0">
  <testcase classname="com.employee.tests.PostTests" name="createEmployeeFromExternalFile" time="60.460"/>
  <system-out/>
  <testcase classname="com.employee.tests.PostTests" name="createEmployeeUsingJSONObject" time="60.497"/>
  <system-out/>
  <testcase classname="com.employee.tests.PostTests" name="createEmployee" time="61.000"/>
  <system-out/>
</testsuite> <!-- com.employee.tests.PostTests -->
