<?xml version="1.0" encoding="UTF-8"?>
<!-- Generated by org.testng.reporters.JUnitReportReporter -->
<testsuite hostname="fv-az267-623" failures="0" tests="7" name="com.employee.tests.GetTests" time="305.470" errors="0" timestamp="2023-04-18T15:56:25 UTC" skipped="0">
  <testcase classname="com.employee.tests.GetTests" name="getEmployeeByID" time="60.310"/>
  <system-out/>
  <testcase classname="com.employee.tests.GetTests" name="postmanGetAllWorkspaces" time="0.624"/>
  <system-out/>
  <testcase classname="com.employee.tests.GetTests" name="postmanGetCall" time="0.550"/>
  <system-out/>
  <testcase classname="com.employee.tests.GetTests" name="getEmployeeByID" time="60.293"/>
  <system-out/>
  <testcase classname="com.employee.tests.GetTests" name="getEmployeeByID" time="60.423"/>
  <system-out/>
  <testcase classname="com.employee.tests.GetTests" name="getEmployee" time="62.949"/>
  <system-out/>
  <testcase classname="com.employee.tests.GetTests" name="getEmployeeByID" time="60.321"/>
  <system-out/>
</testsuite> <!-- com.employee.tests.GetTests -->
